<?xml version="1.0" encoding="UTF-8"?>
<!-- Generated by org.testng.reporters.JUnitReportReporter -->
<testsuite hostname="LAPTOP-4K3IBDCV" failures="0" tests="1" name="TestCases.TestCases" time="1.810" errors="0" timestamp="2023-01-27T11:02:02 IST" skipped="0">
  <testcase classname="TestCases.TestCases" name="test" time="1.810"/>
  <system-out/>
</testsuite> <!-- TestCases.TestCases -->
