<?xml version="1.0" encoding="UTF-8"?>
<!-- Generated by org.testng.reporters.JUnitReportReporter -->
<testsuite hostname="LAPTOP-4K3IBDCV" failures="0" tests="20" name="TestCases.TestCases" time="918.292" errors="0" timestamp="2023-01-31T18:25:58 IST" skipped="0">
  <testcase classname="TestCases.TestCases" name="Test_Email_In_Profie_Is_Not_Editable" time="65.385"/>
  <system-out/>
  <testcase classname="TestCases.TestCases" name="Upload_Profile_Picture_And_Save_It" time="44.708"/>
  <system-out/>
  <testcase classname="TestCases.TestCases" name="Welcome_Distributers_Name" time="53.653"/>
  <system-out/>
  <testcase classname="TestCases.TestCases" name="Test_Terms_And_Condition_Is_Clickable_And_Return_Expected_Content" time="25.002"/>
  <system-out/>
  <testcase classname="TestCases.TestCases" name="Are_Profile_ResetPassword_Logout_Present" time="58.477"/>
  <system-out/>
  <testcase classname="TestCases.TestCases" name="Test_Login_without_Entering_Any_Credentials" time="44.900"/>
  <system-out/>
  <testcase classname="TestCases.TestCases" name="Error_message_Should_Be_Displayed_If_User_Enter_Wrong_Existing_Password_While_Reseting_Password" time="61.920"/>
  <system-out/>
  <testcase classname="TestCases.TestCases" name="Test_Login_Page_Content" time="15.674"/>
  <system-out/>
  <testcase classname="TestCases.TestCases" name="User_Is_Able_To_See_And_Accept_cookies" time="23.539"/>
  <system-out/>
  <testcase classname="TestCases.TestCases" name="Test_Login_With_Invalid_Data_For_Existing_User" time="26.648"/>
  <system-out/>
  <testcase classname="TestCases.TestCases" name="Test_Is_ResetPassword_PopUp_Closing_After_Clicking_Close_Button" time="48.241"/>
  <system-out/>
  <testcase classname="TestCases.TestCases" name="Test_User_Profile_Data_Is_Editable_And_When_Updated_Changes_Are_Visible_Dashboard" time="79.011"/>
  <system-out/>
  <testcase classname="TestCases.TestCases" name="Forgot_Password_Link_Is_Clickable_And_Functional" time="37.499"/>
  <system-out/>
  <testcase classname="TestCases.TestCases" name="Company_Name_Is_Present_On_Header_On_HomePage" time="65.485"/>
  <system-out/>
  <testcase classname="TestCases.TestCases" name="Edit_Profile_Picture_After_Uploading_And_Saving_Different_Picture_First" time="61.271"/>
  <system-out/>
  <testcase classname="TestCases.TestCases" name="Test_If_User_Is_Able_To_Logout_Of_Application_On_clicking_Logout_Button" time="45.850"/>
  <system-out/>
  <testcase classname="TestCases.TestCases" name="Test_Login_With_Valid_Data_For_Existing_User" time="67.863"/>
  <system-out/>
  <testcase classname="TestCases.TestCases" name="Test_Login_without_Accepting_Terms_And_Conditions" time="14.837"/>
  <system-out/>
  <testcase classname="TestCases.TestCases" name="Test_If_Error_Message_Is_Displayed_When_New_Password_And_Confirm_Password_Are_Not_Matching" time="41.936"/>
  <system-out/>
  <testcase classname="TestCases.TestCases" name="User_Is_Able_To_See_Dashboard" time="36.393"/>
  <system-out/>
</testsuite> <!-- TestCases.TestCases -->
