<?xml version="1.0" encoding="UTF-8"?>
<!-- Generated by org.testng.reporters.JUnitReportReporter -->
<testsuite hostname="LAPTOP-4K3IBDCV" failures="0" tests="1" name="TestCases.TestCases" time="99.945" errors="0" timestamp="2023-02-09T15:48:57 IST" skipped="0">
  <testcase classname="TestCases.TestCases" name="Test_User_is_Able_To_Create_New_Task" time="99.945"/>
  <system-out/>
</testsuite> <!-- TestCases.TestCases -->
