<?xml version="1.0" encoding="UTF-8"?>
<!-- Generated by org.testng.reporters.JUnitReportReporter -->
<testsuite hostname="LAPTOP-4K3IBDCV" failures="0" tests="1" name="TestCases.TestCases" time="37.641" errors="0" timestamp="2023-02-14T02:34:21 IST" skipped="0">
  <testcase classname="TestCases.TestCases" name="Verify_That_machines_Field_Is_Disabled_Untill_Account_Is_Not_Selected" time="37.641"/>
  <system-out/>
</testsuite> <!-- TestCases.TestCases -->
