<?xml version="1.0" encoding="UTF-8"?>
<!-- Generated by org.testng.reporters.JUnitReportReporter -->
<testsuite hostname="LAPTOP-4K3IBDCV" failures="0" tests="2" name="TestCases.TestCases" time="97.771" errors="0" timestamp="2023-03-01T02:29:55 IST" skipped="1">
  <testcase classname="TestCases.TestCases" name="Test_Solcare_observation_Records_Are_Displayed_And_User_Is_Able_To_Export_Chart_For_A_Specifiic_Machine" time="97.771"/>
  <system-out/>
  <testcase classname="TestCases.TestCases" name="Verify_That_User_Is_Able_To_Select_All_the_Machines">
    <skipped/>
  </testcase> <!-- Verify_That_User_Is_Able_To_Select_All_the_Machines -->
  <system-out/>
</testsuite> <!-- TestCases.TestCases -->
