<?xml version="1.0" encoding="UTF-8"?>
<!-- Generated by org.testng.reporters.JUnitReportReporter -->
<testsuite hostname="LAPTOP-4K3IBDCV" failures="0" tests="1" name="TestCases.TestCases" time="69.755" errors="0" timestamp="2023-04-09T18:11:46 IST" skipped="0">
  <testcase classname="TestCases.TestCases" name="Test_Just_After_Creating_A_Task_The_Status_of_task_should_be_Incomplete" time="69.755"/>
  <system-out/>
</testsuite> <!-- TestCases.TestCases -->
