<?xml version="1.0" encoding="UTF-8"?>
<!-- Generated by org.testng.reporters.JUnitReportReporter -->
<testsuite hostname="LAPTOP-4K3IBDCV" failures="0" tests="1" name="TestCases.TestCases" time="23.554" errors="0" timestamp="2023-01-30T10:06:56 IST" skipped="0">
  <testcase classname="TestCases.TestCases" name="Test_Login_Page_Content" time="23.554"/>
  <system-out/>
</testsuite> <!-- TestCases.TestCases -->
