<?xml version="1.0" encoding="UTF-8"?>
<!-- Generated by org.testng.reporters.JUnitReportReporter -->
<testsuite hostname="LAPTOP-4K3IBDCV" failures="0" tests="2" name="TestCases.TestCases" time="8.976" errors="0" timestamp="2023-08-14T16:36:03 IST" skipped="1">
  <testcase classname="TestCases.TestCases" name="Test_Login_Page_Content" time="8.976"/>
  <system-out/>
  <testcase classname="TestCases.TestCases" name="TEST_If_User_Is_Able_To_Reset_Password_And_login_With_New_Password">
    <skipped/>
  </testcase> <!-- TEST_If_User_Is_Able_To_Reset_Password_And_login_With_New_Password -->
  <system-out/>
</testsuite> <!-- TestCases.TestCases -->
