<?xml version="1.0" encoding="UTF-8"?>
<!-- Generated by org.testng.reporters.JUnitReportReporter -->
<testsuite hostname="LAPTOP-4K3IBDCV" failures="0" tests="1" name="TestCases.TestCases" time="38.644" errors="0" timestamp="2023-03-31T03:57:33 IST" skipped="0">
  <testcase classname="TestCases.TestCases" name="Test_If_An_Error_Message_Is_Displayed_If_Uploaded_Excel_Contains_Account_Name_Which_is_Not_On_Present_Website" time="38.644"/>
  <system-out/>
</testsuite> <!-- TestCases.TestCases -->
