<?xml version="1.0" encoding="UTF-8"?>
<!-- Generated by org.testng.reporters.JUnitReportReporter -->
<testsuite hostname="LAPTOP-4K3IBDCV" failures="0" tests="1" name="TestCases.TestCases" time="68.062" errors="0" timestamp="2023-03-04T23:06:50 IST" skipped="0">
  <testcase classname="TestCases.TestCases" name="Verify_On_clicking_Download_Sample_Excel_on_Instruction_Pop_Up_An_Excel_File_Is_Downloaded" time="68.062"/>
  <system-out/>
</testsuite> <!-- TestCases.TestCases -->
