<?xml version="1.0" encoding="UTF-8"?>
<!-- Generated by org.testng.reporters.JUnitReportReporter -->
<testsuite hostname="LAPTOP-4K3IBDCV" failures="0" tests="100" name="TestCases.TestCases" time="4082.048" errors="0" timestamp="2023-04-16T06:54:09 IST" skipped="1">
  <testcase classname="TestCases.TestCases" name="Test_Distributor_Info_Is_Displayed_On_Dashboard" time="14.623"/>
  <system-out/>
  <testcase classname="TestCases.TestCases" name="Test_If_An_Error_Message_Is_Displayed_If_Uploaded_Excel_Contains_Same_Service_engineer_And_Watcher" time="83.931"/>
  <system-out/>
  <testcase classname="TestCases.TestCases" name="Test_If_User_is_Able_To_Create_New_Task" time="75.422"/>
  <system-out/>
  <testcase classname="TestCases.TestCases" name="Test_If_User_Is_Able_To_Logout_Of_Application_On_clicking_Logout_Button_Under_Profile_Icon" time="18.710"/>
  <system-out/>
  <testcase classname="TestCases.TestCases" name="Test_If_Error_Message_Is_Dispalyed_In_Case_Of_A_Empty_Service_engineer_number_Feild_Uploded_Excel_File" time="31.195"/>
  <system-out/>
  <testcase classname="TestCases.TestCases" name="Test_Login_With_Invalid_Data_For_Existing_User" time="13.009"/>
  <system-out/>
  <testcase classname="TestCases.TestCases" name="Test_If_User_Is_Able_Download_Task_If_Status_Of_Task_Is_complete" time="23.986"/>
  <system-out/>
  <testcase classname="TestCases.TestCases" name="Verify_ALL_The_Feilds_After_creating_The_Task_Have_correct_Values" time="81.684"/>
  <system-out/>
  <testcase classname="TestCases.TestCases" name="Verify_Test_User_is_Able_To_Create_New_Task_With_Bacteria_Fungi_Check_As_TaskType" time="83.970"/>
  <system-out/>
  <testcase classname="TestCases.TestCases" name="User_Is_Able_To_See_And_Accept_cookies" time="9.185"/>
  <system-out/>
  <testcase classname="TestCases.TestCases" name="Verify_That_User_Is_Able_To_Select_All_the_Machines" time="106.594"/>
  <system-out/>
  <testcase classname="TestCases.TestCases" name="Verify_If_None_Button_Is_PreSelected_By_Default" time="18.834"/>
  <system-out/>
  <testcase classname="TestCases.TestCases" name="Test_Task_Status_Is_Displayed_On_Dashbaoard" time="14.729"/>
  <system-out/>
  <testcase classname="TestCases.TestCases" name="Test_If_Error_Message_Is_Dispalyed_In_Case_Of_A_Empty_Machine_Code_Feild_Uploded_Excel_File" time="31.641"/>
  <system-out/>
  <testcase classname="TestCases.TestCases" name="Test_If_An_Error_Message_Is_Displayed_If_Uploaded_Excel_Contains_Account_Name_Which_is_Not_On_Present_Website" time="31.812"/>
  <system-out/>
  <testcase classname="TestCases.TestCases" name="Verify_That_User_Is_Able_To_Select_More_Than_One_Machine" time="82.689"/>
  <system-out/>
  <testcase classname="TestCases.TestCases" name="Verify_ALL_The_Feilds_After_creating_The_Task_Have_correct_Values_when_Created_From_Excel" time="71.429"/>
  <system-out/>
  <testcase classname="TestCases.TestCases" name="Verify_On_selecting_Schedule_monthly_Button_And_Selecting_Every_Month_All_Dates_Should_Be_Present" time="91.653"/>
  <system-out/>
  <testcase classname="TestCases.TestCases" name="Test_If_All_the_Feilds_except_Schedule_Are_editable" time="26.033"/>
  <system-out/>
  <testcase classname="TestCases.TestCases" name="Test_If_The_criteria_is_satisfied_If_User_Enter_a_password_which_met_the_requirement" time="21.274"/>
  <system-out/>
  <testcase classname="TestCases.TestCases" name="Error_message_Should_Be_Displayed_If_User_Enter_Wrong_Existing_Password_While_Reseting_Password" time="28.675"/>
  <system-out/>
  <testcase classname="TestCases.TestCases" name="Verify_That_User_Is_Able_To_Select_A_Single_Machine" time="106.013"/>
  <system-out/>
  <testcase classname="TestCases.TestCases" name="Test_Email_In_Profie_Is_Not_Editable" time="25.059"/>
  <system-out/>
  <testcase classname="TestCases.TestCases" name="Verify_That_User_Is_Able_To_Select_Accounts_And_Selected_Account_Is_visible" time="21.619"/>
  <system-out/>
  <testcase classname="TestCases.TestCases" name="Test_For_A_Daily_Repeating_Task_The_end_Date_Should_Be_Of_current_or_Future_Quater_Only" time="27.699"/>
  <system-out/>
  <testcase classname="TestCases.TestCases" name="Company_Name_Is_Present_On_Header_On_HomePage" time="12.447"/>
  <system-out/>
  <testcase classname="TestCases.TestCases" name="User_Is_Able_To_See_Dashboard" time="14.766"/>
  <system-out/>
  <testcase classname="TestCases.TestCases" name="Test_Solcare_observation_Records_Are_Displayed_And_User_Is_Able_To_Export_CSV" time="70.073"/>
  <system-out/>
  <testcase classname="TestCases.TestCases" name="Test_If_User_Is_Able_To_Logout_Of_Application_On_clicking_Logout_Button_On_SideBar" time="15.450"/>
  <system-out/>
  <testcase classname="TestCases.TestCases" name="Test_Login_Page_Content" time="3.315"/>
  <system-out/>
  <testcase classname="TestCases.TestCases" name="Test_If_Download_Task_Button_iS_Displayed_If_Task_Status_Is_Incomplete" time="21.711"/>
  <system-out/>
  <testcase classname="TestCases.TestCases" name="TC35D_Verify_that_if_No_Due_Date_Is_Entered_an_error_message_is_dispayed" time="45.359"/>
  <system-out/>
  <testcase classname="TestCases.TestCases" name="Test_User_Profile_Data_Is_Editable_And_When_Updated_Changes_Are_Visible_Dashboard" time="52.200"/>
  <system-out/>
  <testcase classname="TestCases.TestCases" name="Verify_On_selecting_Schedule_weekly_Button_Select_End_Date_Field_And_Select_Week_and_WeekDays_Should_Be_Displayed" time="116.094"/>
  <system-out/>
  <testcase classname="TestCases.TestCases" name="verify_Confirmation_ALert_Is_Showing_after_Deleting_Task" time="72.920"/>
  <system-out/>
  <testcase classname="TestCases.TestCases" name="Test_Solcare_observation_Records_Are_Displayed_And_User_Is_Able_To_Export_Chart_For_A_Specifiic_Machine" time="58.086"/>
  <system-out/>
  <testcase classname="TestCases.TestCases" name="TC35B_Verify_that_if_No_service_engineer_is_Selected_an_error_message_is_dispayed" time="45.129"/>
  <system-out/>
  <testcase classname="TestCases.TestCases" name="Test_If_After_Clicking_close_Button_edit_task_Popup_Is_closing" time="28.831"/>
  <system-out/>
  <testcase classname="TestCases.TestCases" name="Verify_That_User_Is_Able_To_Select_machines_And_Selected_Machines_Are_visible" time="31.338"/>
  <system-out/>
  <testcase classname="TestCases.TestCases" name="Test_Account_Task_Record_Are_Displayed_On_Dashboard" time="14.812"/>
  <system-out/>
  <testcase classname="TestCases.TestCases" name="Verify_That_machines_Field_Is_Disabled_Untill_Account_Is_Not_Selected" time="43.544"/>
  <system-out/>
  <testcase classname="TestCases.TestCases" name="TC35F_Verify_that_if_TaskType_Is_Not_Selected_an_error_message_is_dispayed" time="44.997"/>
  <system-out/>
  <testcase classname="TestCases.TestCases" name="Test_If_The_Upload_Excel_Button_Is_Disabled_If_No_File_Is_Uploded" time="29.691"/>
  <system-out/>
  <testcase classname="TestCases.TestCases" name="Test_Terms_And_Condition_Is_Clickable_And_Return_Expected_Content" time="11.349"/>
  <system-out/>
  <testcase classname="TestCases.TestCases" name="Verify_Test_User_is_Able_To_Create_New_Task_With_Sump_Cleaning_As_TaskType" time="163.000"/>
  <system-out/>
  <testcase classname="TestCases.TestCases" name="Test_If_Error_Message_Is_Dispalyed_In_Case_Of_A_Empty_Account_Feild_Uploded_Excel_File" time="31.638"/>
  <system-out/>
  <testcase classname="TestCases.TestCases" name="Verify_That_User_Is_Not_Able_Select_The_Same_Service_Engineer_And_Watcher" time="27.741"/>
  <system-out/>
  <testcase classname="TestCases.TestCases" name="Test_If_An_Error_Message_Is_Displayed_If_Uploaded_Excel_Contains_Due_date_As_A_Past_Date" time="32.223"/>
  <system-out/>
  <testcase classname="TestCases.TestCases" name="Forgot_Password_Link_Is_Clickable_And_Functional" time="9.461"/>
  <system-out/>
  <testcase classname="TestCases.TestCases" name="Test_If_User_Is_Able_Download_Task_If_Status_Of_Task_Is_complete_It_opens_In_a_New_Tab" time="23.877"/>
  <system-out/>
  <testcase classname="TestCases.TestCases" name="Test_If_Error_Message_Is_Displayed_When_New_Password_And_Confirm_Password_Are_Not_Matching" time="24.054"/>
  <system-out/>
  <testcase classname="TestCases.TestCases" name="Service_Engineer_records_Are_Displayed_On_Dashboard" time="17.947"/>
  <system-out/>
  <testcase classname="TestCases.TestCases" name="Verify_On_clicking_Download_Sample_Excel_on_Instruction_Pop_Up_An_Excel_File_Is_Downloaded" time="52.663"/>
  <system-out/>
  <testcase classname="TestCases.TestCases" name="Verify_On_selecting_Schedule_monthly_Button_Select_End_Date_Field_And_Select_month_DropDown_Should_Be_Displayed" time="28.167"/>
  <system-out/>
  <testcase classname="TestCases.TestCases" name="Test_Just_After_Creating_A_Task_The_Status_of_task_should_be_Incomplete" time="74.851"/>
  <system-out/>
  <testcase classname="TestCases.TestCases" name="Verify_On_selecting_Schedule_Daily_Button_Select_End_Date_Field_Should_Be_Displayed" time="87.029"/>
  <system-out/>
  <testcase classname="TestCases.TestCases" name="Welcome_Distributers_Name_IS_Displayed" time="11.329"/>
  <system-out/>
  <testcase classname="TestCases.TestCases" name="Test_Solcare_observation_Records_Are_Displayed_And_User_Is_Able_To_Export_Chart" time="55.464"/>
  <system-out/>
  <testcase classname="TestCases.TestCases" name="Verify_Test_User_is_Able_To_Create_New_Task_With_Oil_Skimming_As_TaskType" time="81.646"/>
  <system-out/>
  <testcase classname="TestCases.TestCases" name="Verify_That_After_Selecting_A_machine_The_Selected_Name_Displayed_Is_Correct" time="29.006"/>
  <system-out/>
  <testcase classname="TestCases.TestCases" name="Test_If_User_Is_Able_To_Create_A_Task_By_Uploading_Excel_In_The_Given_Format" time="41.207"/>
  <system-out/>
  <testcase classname="TestCases.TestCases" name="Test_Create_Task_Popup_Is_Dispalyed_And_It_Has_All_The_Fields" time="23.218"/>
  <system-out/>
  <testcase classname="TestCases.TestCases" name="TC35E_Verify_that_if_Machines_Are_Not_Selected_an_error_message_is_dispayed" time="53.540"/>
  <system-out/>
  <testcase classname="TestCases.TestCases" name="Verify_On_clicking_Close_Icon_Download_Excel_Instruction_Pop_Up_Is_Closed" time="22.714"/>
  <system-out/>
  <testcase classname="TestCases.TestCases" name="Test_For_A_Monthly_Repeating_Task_The_end_Date_Should_Be_Of_current_or_Future_Quater_Only" time="57.120"/>
  <system-out/>
  <testcase classname="TestCases.TestCases" name="Verify_On_clicking_Download_Excel_An_Instruction_Pop_Up_Is_Displayed" time="19.411"/>
  <system-out/>
  <testcase classname="TestCases.TestCases" name="Test_If_There_are_Accounts_availble_the_vendor_Should_be_Able_To_see_all_of_those_while_Creating_Task" time="25.673"/>
  <system-out/>
  <testcase classname="TestCases.TestCases" name="Test_Is_ResetPassword_PopUp_Closing_After_Clicking_Close_Button" time="26.938"/>
  <system-out/>
  <testcase classname="TestCases.TestCases" name="Verify_On_clicking_upload_Excel_A_Pop_Up_Is_Displayed_which_Has_Options_To_Upload_File" time="19.409"/>
  <system-out/>
  <testcase classname="TestCases.TestCases" name="Test_If_End_Dates_For_An_Daily_Repeating_Task_Are_Quaterly_Basis" time="37.595"/>
  <system-out/>
  <testcase classname="TestCases.TestCases" name="TC36_Verify_that_if_there_are_no_service_engineer_Accounts_and_machines_are_not_added_an_error_message_is_dispayed" time="38.704"/>
  <system-out/>
  <testcase classname="TestCases.TestCases" name="Test_If_Error_Message_Is_Dispalyed_In_Case_Of_A_Empty_duedate_Feild_Uploded_Excel_File" time="34.163"/>
  <system-out/>
  <testcase classname="TestCases.TestCases" name="Test_If_User_Is_Able_Add_Comment_To_A_Task" time="84.695"/>
  <system-out/>
  <testcase classname="TestCases.TestCases" name="Test_Login_without_Entering_Any_Credentials" time="3.524"/>
  <system-out/>
  <testcase classname="TestCases.TestCases" name="Verify_Test_User_is_Able_To_Create_New_Task_With_Solcare_Service_As_TaskType" time="81.776"/>
  <system-out/>
  <testcase classname="TestCases.TestCases" name="Test_If_User_Is_Able_Delete_A_Task_Which_Is_Not_Started_Or_completed_By_Engineer" time="83.123"/>
  <system-out/>
  <testcase classname="TestCases.TestCases" name="Test_For_A_weekly_Repeating_Task_The_end_Date_Should_Be_Of_current_or_Future_Quater_Only" time="27.491"/>
  <system-out/>
  <testcase classname="TestCases.TestCases" name="TC35A_Verify_that_if_No_Task_Name_Is_Entered_an_error_message_is_dispayed" time="45.124"/>
  <system-out/>
  <testcase classname="TestCases.TestCases" name="TC35C_Verify_that_if_No_Account_is_Selected_an_error_message_is_dispayed" time="60.813"/>
  <system-out/>
  <testcase classname="TestCases.TestCases" name="Verify_That_User_Is_Able_To_Select_Service_Engineer_And_Selected_Service_Engineer_Is_visible" time="22.224"/>
  <system-out/>
  <testcase classname="TestCases.TestCases" name="Verify_That_User_Is_Able_To_See_And_Select_All_Four_TaskTypes" time="47.188"/>
  <system-out/>
  <testcase classname="TestCases.TestCases" name="Test_If_An_Error_Message_Is_Displayed_When_User_Upload_An_Empty_Excel" time="23.366"/>
  <system-out/>
  <testcase classname="TestCases.TestCases" name="Test_If_End_Dates_For_An_weekly_Repeating_Task_Are_Quaterly_Basis" time="37.344"/>
  <system-out/>
  <testcase classname="TestCases.TestCases" name="Test_Login_without_Accepting_Terms_And_Conditions" time="3.940"/>
  <system-out/>
  <testcase classname="TestCases.TestCases" name="Test_If_An_Error_Message_Is_Displayed_If_Uploaded_Excel_Contains_Service_engineer_number_Which_is_Not_On_Present_Website" time="31.735"/>
  <system-out/>
  <testcase classname="TestCases.TestCases" name="Test_Login_With_Valid_Data_For_Existing_User" time="11.676"/>
  <system-out/>
  <testcase classname="TestCases.TestCases" name="Are_Profile_ResetPassword_And_Logout_Button_Are_Present" time="45.809"/>
  <system-out/>
  <testcase classname="TestCases.TestCases" name="Test_If_After_Clicking_edit_Task_Button_edit_task_Popup_Is_Opening" time="25.652"/>
  <system-out/>
  <testcase classname="TestCases.TestCases" name="Verify_On_selecting_Schedule_monthly_Button_And_Selecting_Alternate_Month_All_Dates_Should_Be_Present" time="91.612"/>
  <system-out/>
  <testcase classname="TestCases.TestCases" name="Test_Solcare_observation_Records_Are_Displayed_On_Dashboard" time="18.762"/>
  <system-out/>
  <testcase classname="TestCases.TestCases" name="Test_If_An_Error_Message_Is_Displayed_If_Uploaded_Excel_Contains_Watcher_Which_is_Not_On_Present_Website" time="79.986"/>
  <system-out/>
  <testcase classname="TestCases.TestCases" name="Test_If_Error_Message_Is_Dispalyed_In_Case_Of_A_Empty_Taskname_Feild_Uploded_Excel_File" time="31.480"/>
  <system-out/>
  <testcase classname="TestCases.TestCases" name="Edit_Profile_Picture_After_Uploading_And_Saving_Different_Picture_First" time="28.139"/>
  <system-out/>
  <testcase classname="TestCases.TestCases" name="Test_If_End_Dates_For_An_monthly_Repeating_Task_Are_Quaterly_Basis" time="37.824"/>
  <system-out/>
  <testcase classname="TestCases.TestCases" name="Test_If_There_are_service_Engineer_availble_the_vendor_Should_be_Able_To_see_all_of_those_while_Creating_Task" time="26.259"/>
  <system-out/>
  <testcase classname="TestCases.TestCases" name="Upload_Profile_Picture_And_Save_It" time="31.899"/>
  <system-out/>
  <testcase classname="TestCases.TestCases" name="Test_If_Error_Message_Is_Dispalyed_In_Case_Of_A_Past_Due_Date" time="11.444"/>
  <system-out/>
  <testcase classname="TestCases.TestCases" name="Verify_That_Watchers_Field_Is_Disabled_Untill_Service_Engineer_Is_Not_Selected" time="33.014"/>
  <system-out/>
  <testcase classname="TestCases.TestCases" name="Test_If_After_Clicking_edit_Task_button_Is_disabled_for_incomplete_and_overdue_task" time="32.781"/>
  <system-out/>
  <testcase classname="TestCases.TestCases" name="TEST_If_User_Is_Able_To_Reset_Password_And_login_With_New_Password">
    <skipped/>
  </testcase> <!-- TEST_If_User_Is_Able_To_Reset_Password_And_login_With_New_Password -->
  <system-out/>
</testsuite> <!-- TestCases.TestCases -->
